<?xml version="1.0" encoding="UTF-8"?>
<!-- Generated by org.testng.reporters.JUnitReportReporter -->
<testsuite hostname="INL-3LLKWG3" failures="0" tests="11" name="com.automation.testrunner.TestRunner" time="143.207" errors="0" timestamp="2024-12-30T10:07:37 IST" skipped="0">
  <testcase classname="com.automation.testrunner.TestRunner" name="runScenario" time="14.697"/>
  <system-out/>
  <testcase classname="com.automation.testrunner.TestRunner" name="runScenario" time="6.655"/>
  <system-out/>
  <testcase classname="com.automation.testrunner.TestRunner" name="runScenario" time="19.172"/>
  <system-out/>
  <testcase classname="com.automation.testrunner.TestRunner" name="runScenario" time="18.920"/>
  <system-out/>
  <testcase classname="com.automation.testrunner.TestRunner" name="runScenario" time="9.892"/>
  <system-out/>
  <testcase classname="com.automation.testrunner.TestRunner" name="runScenario" time="8.183"/>
  <system-out/>
  <testcase classname="com.automation.testrunner.TestRunner" name="runScenario" time="14.971"/>
  <system-out/>
  <testcase classname="com.automation.testrunner.TestRunner" name="runScenario" time="8.429"/>
  <system-out/>
  <testcase classname="com.automation.testrunner.TestRunner" name="runScenario" time="18.172"/>
  <system-out/>
  <testcase classname="com.automation.testrunner.TestRunner" name="runScenario" time="9.601"/>
  <system-out/>
  <testcase classname="com.automation.testrunner.TestRunner" name="runScenario" time="14.515"/>
  <system-out/>
</testsuite> <!-- com.automation.testrunner.TestRunner -->
