<?xml version="1.0" encoding="UTF-8"?>
<!-- Generated by org.testng.reporters.JUnitReportReporter -->
<testsuite hostname="INL-3LLKWG3" failures="0" tests="11" name="com.automation.testrunner.TestRunner" time="242.602" errors="0" timestamp="2024-12-29T22:52:23 IST" skipped="0">
  <testcase classname="com.automation.testrunner.TestRunner" name="runScenario" time="4.541"/>
  <system-out/>
  <testcase classname="com.automation.testrunner.TestRunner" name="runScenario" time="5.837"/>
  <system-out/>
  <testcase classname="com.automation.testrunner.TestRunner" name="runScenario" time="35.495"/>
  <system-out/>
  <testcase classname="com.automation.testrunner.TestRunner" name="runScenario" time="6.555"/>
  <system-out/>
  <testcase classname="com.automation.testrunner.TestRunner" name="runScenario" time="33.096"/>
  <system-out/>
  <testcase classname="com.automation.testrunner.TestRunner" name="runScenario" time="51.094"/>
  <system-out/>
  <testcase classname="com.automation.testrunner.TestRunner" name="runScenario" time="28.280"/>
  <system-out/>
  <testcase classname="com.automation.testrunner.TestRunner" name="runScenario" time="10.770"/>
  <system-out/>
  <testcase classname="com.automation.testrunner.TestRunner" name="runScenario" time="26.349"/>
  <system-out/>
  <testcase classname="com.automation.testrunner.TestRunner" name="runScenario" time="6.887"/>
  <system-out/>
  <testcase classname="com.automation.testrunner.TestRunner" name="runScenario" time="33.698"/>
  <system-out/>
</testsuite> <!-- com.automation.testrunner.TestRunner -->
