<?xml version="1.0" encoding="UTF-8"?>
<!-- Generated by org.testng.reporters.JUnitReportReporter -->
<testsuite hostname="INL-3LLKWG3" failures="0" tests="10" name="com.automation.testrunner.TestRunner" time="69.871" errors="0" timestamp="2024-12-29T15:08:26 IST" skipped="0">
  <testcase classname="com.automation.testrunner.TestRunner" name="runScenario" time="6.840"/>
  <system-out/>
  <testcase classname="com.automation.testrunner.TestRunner" name="runScenario" time="4.900"/>
  <system-out/>
  <testcase classname="com.automation.testrunner.TestRunner" name="runScenario" time="5.988"/>
  <system-out/>
  <testcase classname="com.automation.testrunner.TestRunner" name="runScenario" time="8.698"/>
  <system-out/>
  <testcase classname="com.automation.testrunner.TestRunner" name="runScenario" time="6.475"/>
  <system-out/>
  <testcase classname="com.automation.testrunner.TestRunner" name="runScenario" time="7.155"/>
  <system-out/>
  <testcase classname="com.automation.testrunner.TestRunner" name="runScenario" time="7.384"/>
  <system-out/>
  <testcase classname="com.automation.testrunner.TestRunner" name="runScenario" time="6.778"/>
  <system-out/>
  <testcase classname="com.automation.testrunner.TestRunner" name="runScenario" time="9.475"/>
  <system-out/>
  <testcase classname="com.automation.testrunner.TestRunner" name="runScenario" time="6.178"/>
  <system-out/>
</testsuite> <!-- com.automation.testrunner.TestRunner -->
